<?xml version="1.0" encoding="UTF-8" ?>
<testsuite tests="6" failures="0" name="testOrdenador" time="0.1" errors="0" skipped="0">
  <properties>
[...]
</properties>
  <testcase classname="testOrdenador" name="testSeleccion" time="0.004"/>
  <testcase classname="testOrdenador" name="testInsercion2" time="0"/>
  <testcase classname="testOrdenador" name="testConvertirNumerosEnLetras" time="0"/>
  <testcase classname="testOrdenador" name="testInsercion" time="0"/>
  <testcase classname="testOrdenador" name="testExtraerPrimeraLetraMarcas" time="0"/>
  <testcase classname="testOrdenador" name="testSeleccion2" time="0"/>
</testsuite>